13:41:39:998 [main] INFO  TestCases.TC003_LogunDDT - ********TC003_LogunDDT*********
13:41:42:021 [main] INFO  TestCases.TC003_LogunDDT - login successfull
13:41:42:022 [main] INFO  TestCases.TC003_LogunDDT - Test Passed.
13:41:42:022 [main] INFO  TestCases.TC003_LogunDDT - ********Finished TC003_LogunDDT*********
13:41:42:025 [main] INFO  TestCases.TC003_LogunDDT - ********TC003_LogunDDT*********
13:41:44:467 [main] INFO  TestCases.TC003_LogunDDT - login successfull
13:41:44:467 [main] INFO  TestCases.TC003_LogunDDT - Test Passed.
13:41:44:467 [main] INFO  TestCases.TC003_LogunDDT - ********Finished TC003_LogunDDT*********
13:41:44:467 [main] INFO  TestCases.TC003_LogunDDT - ********TC003_LogunDDT*********
13:41:46:341 [main] ERROR TestCases.TC003_LogunDDT - Test Failed.
13:41:46:341 [main] INFO  TestCases.TC003_LogunDDT - ********Finished TC003_LogunDDT*********
13:41:46:357 [main] INFO  TestCases.TC003_LogunDDT - ********TC003_LogunDDT*********
13:41:48:534 [main] INFO  TestCases.TC003_LogunDDT - login successfull
13:41:48:534 [main] INFO  TestCases.TC003_LogunDDT - Test Passed.
13:41:48:534 [main] INFO  TestCases.TC003_LogunDDT - ********Finished TC003_LogunDDT*********
13:41:48:538 [main] INFO  TestCases.TC003_LogunDDT - ********TC003_LogunDDT*********
13:42:00:186 [main] ERROR TestCases.TC003_LogunDDT - Exception occurred: no such element: Unable to locate element: {"method":"link text","selector":"Logout"}
  (Session info: chrome=131.0.6778.265)
For documentation on this error, please visit: https://www.selenium.dev/documentation/webdriver/troubleshooting/errors#no-such-element-exception
Build info: version: '4.27.0', revision: 'd6e718d134'
System info: os.name: 'Windows 11', os.arch: 'amd64', os.version: '10.0', java.version: '17.0.8.1'
Driver info: org.openqa.selenium.chrome.ChromeDriver
Command: [6d1882134ecb3955793f6873742da5cb, findElement {using=link text, value=Logout}]
Capabilities {acceptInsecureCerts: false, browserName: chrome, browserVersion: 131.0.6778.265, chrome: {chromedriverVersion: 131.0.6778.264 (2d05e315153..., userDataDir: C:\Users\Dell\AppData\Local...}, fedcm:accounts: true, goog:chromeOptions: {debuggerAddress: localhost:49613}, networkConnectionEnabled: false, pageLoadStrategy: normal, platformName: windows, proxy: Proxy(), se:cdp: ws://localhost:49613/devtoo..., se:cdpVersion: 131.0.6778.265, setWindowRect: true, strictFileInteractability: false, timeouts: {implicit: 0, pageLoad: 300000, script: 30000}, unhandledPromptBehavior: dismiss and notify, webauthn:extension:credBlob: true, webauthn:extension:largeBlob: true, webauthn:extension:minPinLength: true, webauthn:extension:prf: true, webauthn:virtualAuthenticators: true}
Session ID: 6d1882134ecb3955793f6873742da5cb
13:42:00:186 [main] ERROR TestCases.TC003_LogunDDT - Test Failed.
13:42:00:186 [main] INFO  TestCases.TC003_LogunDDT - ********Finished TC003_LogunDDT*********
13:46:15:179 [main] INFO  TestCases.TC003_LogunDDT - ********TC003_LogunDDT*********
13:46:18:471 [main] INFO  TestCases.TC003_LogunDDT - login successfull
13:46:18:471 [main] INFO  TestCases.TC003_LogunDDT - Test Passed.
13:46:18:471 [main] INFO  TestCases.TC003_LogunDDT - ********Finished TC003_LogunDDT*********
13:46:18:478 [main] INFO  TestCases.TC003_LogunDDT - ********TC003_LogunDDT*********
13:46:21:035 [main] INFO  TestCases.TC003_LogunDDT - login successfull
13:46:21:035 [main] INFO  TestCases.TC003_LogunDDT - Test Passed.
13:46:21:035 [main] INFO  TestCases.TC003_LogunDDT - ********Finished TC003_LogunDDT*********
13:46:21:035 [main] INFO  TestCases.TC003_LogunDDT - ********TC003_LogunDDT*********
13:46:24:692 [main] INFO  TestCases.TC003_LogunDDT - login successfull
13:46:24:692 [main] INFO  TestCases.TC003_LogunDDT - Test Passed.
13:46:24:692 [main] INFO  TestCases.TC003_LogunDDT - ********Finished TC003_LogunDDT*********
13:46:24:693 [main] INFO  TestCases.TC003_LogunDDT - ********TC003_LogunDDT*********
13:46:27:015 [main] ERROR TestCases.TC003_LogunDDT - Test Failed.
13:46:27:015 [main] INFO  TestCases.TC003_LogunDDT - ********Finished TC003_LogunDDT*********
13:46:27:015 [main] INFO  TestCases.TC003_LogunDDT - ********TC003_LogunDDT*********
13:46:28:821 [main] INFO  TestCases.TC003_LogunDDT - login successfull
13:46:28:821 [main] INFO  TestCases.TC003_LogunDDT - Test Passed.
13:46:28:821 [main] INFO  TestCases.TC003_LogunDDT - ********Finished TC003_LogunDDT*********
13:46:28:823 [main] INFO  TestCases.TC003_LogunDDT - ********TC003_LogunDDT*********
13:46:40:505 [main] ERROR TestCases.TC003_LogunDDT - Exception occurred: no such element: Unable to locate element: {"method":"link text","selector":"Logout"}
  (Session info: chrome=131.0.6778.265)
For documentation on this error, please visit: https://www.selenium.dev/documentation/webdriver/troubleshooting/errors#no-such-element-exception
Build info: version: '4.27.0', revision: 'd6e718d134'
System info: os.name: 'Windows 11', os.arch: 'amd64', os.version: '10.0', java.version: '17.0.8.1'
Driver info: org.openqa.selenium.chrome.ChromeDriver
Command: [4aa5133e063a94ff5a0caa46ee3ee3b2, findElement {using=link text, value=Logout}]
Capabilities {acceptInsecureCerts: false, browserName: chrome, browserVersion: 131.0.6778.265, chrome: {chromedriverVersion: 131.0.6778.264 (2d05e315153..., userDataDir: C:\Users\Dell\AppData\Local...}, fedcm:accounts: true, goog:chromeOptions: {debuggerAddress: localhost:49672}, networkConnectionEnabled: false, pageLoadStrategy: normal, platformName: windows, proxy: Proxy(), se:cdp: ws://localhost:49672/devtoo..., se:cdpVersion: 131.0.6778.265, setWindowRect: true, strictFileInteractability: false, timeouts: {implicit: 0, pageLoad: 300000, script: 30000}, unhandledPromptBehavior: dismiss and notify, webauthn:extension:credBlob: true, webauthn:extension:largeBlob: true, webauthn:extension:minPinLength: true, webauthn:extension:prf: true, webauthn:virtualAuthenticators: true}
Session ID: 4aa5133e063a94ff5a0caa46ee3ee3b2
